[1.645s] Invoking command in '/home/athiyan_sankar/trash_boy/src/trash_boy': PYTHONPATH=/home/athiyan_sankar/trash_boy/build/trash_boy/prefix_override:/usr/lib/python3/dist-packages/colcon_core/task/python/colcon_distutils_commands:/home/athiyan_sankar/trash_boy/install/trash_boy/lib/python3.10/site-packages:${PYTHONPATH} /usr/bin/python3 -W ignore:setup.py install is deprecated -W ignore:easy_install command is deprecated setup.py egg_info --egg-base ../../build/trash_boy build --build-base /home/athiyan_sankar/trash_boy/build/trash_boy/build install --record /home/athiyan_sankar/trash_boy/build/trash_boy/install.log --single-version-externally-managed install_data
[1.994s] /home/athiyan_sankar/.local/lib/python3.10/site-packages/setuptools/_distutils/dist.py:289: UserWarning: Unknown distribution option: 'tests_require'
[1.994s]   warnings.warn(msg)
[2.294s] running egg_info
[2.342s] writing ../../build/trash_boy/trash_boy.egg-info/PKG-INFO
[2.343s] writing dependency_links to ../../build/trash_boy/trash_boy.egg-info/dependency_links.txt
[2.343s] writing entry points to ../../build/trash_boy/trash_boy.egg-info/entry_points.txt
[2.343s] writing requirements to ../../build/trash_boy/trash_boy.egg-info/requires.txt
[2.344s] writing top-level names to ../../build/trash_boy/trash_boy.egg-info/top_level.txt
[2.443s] reading manifest file '../../build/trash_boy/trash_boy.egg-info/SOURCES.txt'
[2.445s] writing manifest file '../../build/trash_boy/trash_boy.egg-info/SOURCES.txt'
[2.446s] running build
[2.446s] running build_py
[2.446s] copying trash_boy/object_tracker.py -> /home/athiyan_sankar/trash_boy/build/trash_boy/build/lib/trash_boy
[2.447s] copying trash_boy/mecanum_teleop.py -> /home/athiyan_sankar/trash_boy/build/trash_boy/build/lib/trash_boy
[2.447s] copying trash_boy/__init__.py -> /home/athiyan_sankar/trash_boy/build/trash_boy/build/lib/trash_boy
[2.448s] copying trash_boy/object_follower.py -> /home/athiyan_sankar/trash_boy/build/trash_boy/build/lib/trash_boy
[2.449s] running install
[2.456s] running install_lib
[2.506s] running install_data
[2.506s] copying resource/trash_boy -> /home/athiyan_sankar/trash_boy/install/trash_boy/share/ament_index/resource_index/packages
[2.506s] copying package.xml -> /home/athiyan_sankar/trash_boy/install/trash_boy/share/trash_boy
[2.507s] copying launch/finelaunch.py -> /home/athiyan_sankar/trash_boy/install/trash_boy/share/trash_boy/launch
[2.507s] copying launch/object_tracking.launch.py -> /home/athiyan_sankar/trash_boy/install/trash_boy/share/trash_boy/launch
[2.507s] copying launch/robot_gazebo.launch.py -> /home/athiyan_sankar/trash_boy/install/trash_boy/share/trash_boy/launch
[2.508s] copying urdf/model.urdf -> /home/athiyan_sankar/trash_boy/install/trash_boy/share/trash_boy/urdf
[2.508s] copying urdf/fine_model.urdf -> /home/athiyan_sankar/trash_boy/install/trash_boy/share/trash_boy/urdf
[2.509s] copying config/mecanum_controller.yaml -> /home/athiyan_sankar/trash_boy/install/trash_boy/share/trash_boy/config
[2.509s] running install_egg_info
[2.560s] removing '/home/athiyan_sankar/trash_boy/install/trash_boy/lib/python3.10/site-packages/trash_boy-0.0.0-py3.10.egg-info' (and everything under it)
[2.561s] Copying ../../build/trash_boy/trash_boy.egg-info to /home/athiyan_sankar/trash_boy/install/trash_boy/lib/python3.10/site-packages/trash_boy-0.0.0-py3.10.egg-info
[2.563s] running install_scripts
[2.664s] Installing object_follower script to /home/athiyan_sankar/trash_boy/install/trash_boy/lib/trash_boy
[2.665s] Installing object_tracker script to /home/athiyan_sankar/trash_boy/install/trash_boy/lib/trash_boy
[2.666s] writing list of installed files to '/home/athiyan_sankar/trash_boy/build/trash_boy/install.log'
[2.730s] Invoked command in '/home/athiyan_sankar/trash_boy/src/trash_boy' returned '0': PYTHONPATH=/home/athiyan_sankar/trash_boy/build/trash_boy/prefix_override:/usr/lib/python3/dist-packages/colcon_core/task/python/colcon_distutils_commands:/home/athiyan_sankar/trash_boy/install/trash_boy/lib/python3.10/site-packages:${PYTHONPATH} /usr/bin/python3 -W ignore:setup.py install is deprecated -W ignore:easy_install command is deprecated setup.py egg_info --egg-base ../../build/trash_boy build --build-base /home/athiyan_sankar/trash_boy/build/trash_boy/build install --record /home/athiyan_sankar/trash_boy/build/trash_boy/install.log --single-version-externally-managed install_data
