[0.438s] DEBUG:colcon:Command line arguments: ['/usr/bin/colcon', 'build']
[0.439s] DEBUG:colcon:Parsed command line arguments: Namespace(log_base=None, log_level=None, verb_name='build', build_base='build', install_base='install', merge_install=False, symlink_install=False, test_result_base=None, continue_on_error=False, executor='parallel', parallel_workers=8, event_handlers=None, ignore_user_meta=False, metas=['./colcon.meta'], base_paths=['.'], packages_ignore=None, packages_ignore_regex=None, paths=None, packages_up_to=None, packages_up_to_regex=None, packages_above=None, packages_above_and_dependencies=None, packages_above_depth=None, packages_select_by_dep=None, packages_skip_by_dep=None, packages_skip_up_to=None, packages_select_build_failed=False, packages_skip_build_finished=False, packages_select_test_failures=False, packages_skip_test_passed=False, packages_select=None, packages_skip=None, packages_select_regex=None, packages_skip_regex=None, packages_start=None, packages_end=None, allow_overriding=[], cmake_args=None, cmake_target=None, cmake_target_skip_unavailable=False, cmake_clean_cache=False, cmake_clean_first=False, cmake_force_configure=False, ament_cmake_args=None, catkin_cmake_args=None, catkin_skip_building_tests=False, verb_parser=<colcon_defaults.argument_parser.defaults.DefaultArgumentsDecorator object at 0x7a04c9468af0>, verb_extension=<colcon_core.verb.build.BuildVerb object at 0x7a04c94684f0>, main=<bound method BuildVerb.main of <colcon_core.verb.build.BuildVerb object at 0x7a04c94684f0>>)
[0.621s] Level 1:colcon.colcon_core.package_discovery:discover_packages(colcon_meta) check parameters
[0.621s] Level 1:colcon.colcon_core.package_discovery:discover_packages(recursive) check parameters
[0.621s] Level 1:colcon.colcon_core.package_discovery:discover_packages(ignore) check parameters
[0.622s] Level 1:colcon.colcon_core.package_discovery:discover_packages(path) check parameters
[0.622s] Level 1:colcon.colcon_core.package_discovery:discover_packages(colcon_meta) discover
[0.622s] Level 1:colcon.colcon_core.package_discovery:discover_packages(recursive) discover
[0.622s] INFO:colcon.colcon_core.package_discovery:Crawling recursively for packages in '/home/athiyan_sankar/trash_boy'
[0.623s] Level 1:colcon.colcon_core.package_identification:_identify(.) by extensions ['ignore', 'ignore_ament_install']
[0.623s] Level 1:colcon.colcon_core.package_identification:_identify(.) by extension 'ignore'
[0.623s] Level 1:colcon.colcon_core.package_identification:_identify(.) by extension 'ignore_ament_install'
[0.623s] Level 1:colcon.colcon_core.package_identification:_identify(.) by extensions ['colcon_pkg']
[0.623s] Level 1:colcon.colcon_core.package_identification:_identify(.) by extension 'colcon_pkg'
[0.624s] Level 1:colcon.colcon_core.package_identification:_identify(.) by extensions ['colcon_meta']
[0.624s] Level 1:colcon.colcon_core.package_identification:_identify(.) by extension 'colcon_meta'
[0.624s] Level 1:colcon.colcon_core.package_identification:_identify(.) by extensions ['ros']
[0.624s] Level 1:colcon.colcon_core.package_identification:_identify(.) by extension 'ros'
[0.677s] Level 1:colcon.colcon_core.package_identification:_identify(.) by extensions ['cmake', 'python']
[0.677s] Level 1:colcon.colcon_core.package_identification:_identify(.) by extension 'cmake'
[0.677s] Level 1:colcon.colcon_core.package_identification:_identify(.) by extension 'python'
[0.677s] Level 1:colcon.colcon_core.package_identification:_identify(.) by extensions ['python_setup_py']
[0.677s] Level 1:colcon.colcon_core.package_identification:_identify(.) by extension 'python_setup_py'
[0.678s] Level 1:colcon.colcon_core.package_identification:_identify(build) by extensions ['ignore', 'ignore_ament_install']
[0.678s] Level 1:colcon.colcon_core.package_identification:_identify(build) by extension 'ignore'
[0.678s] Level 1:colcon.colcon_core.package_identification:_identify(build) ignored
[0.679s] Level 1:colcon.colcon_core.package_identification:_identify(install) by extensions ['ignore', 'ignore_ament_install']
[0.679s] Level 1:colcon.colcon_core.package_identification:_identify(install) by extension 'ignore'
[0.679s] Level 1:colcon.colcon_core.package_identification:_identify(install) ignored
[0.680s] Level 1:colcon.colcon_core.package_identification:_identify(log) by extensions ['ignore', 'ignore_ament_install']
[0.680s] Level 1:colcon.colcon_core.package_identification:_identify(log) by extension 'ignore'
[0.680s] Level 1:colcon.colcon_core.package_identification:_identify(log) ignored
[0.680s] Level 1:colcon.colcon_core.package_identification:_identify(src) by extensions ['ignore', 'ignore_ament_install']
[0.680s] Level 1:colcon.colcon_core.package_identification:_identify(src) by extension 'ignore'
[0.680s] Level 1:colcon.colcon_core.package_identification:_identify(src) by extension 'ignore_ament_install'
[0.680s] Level 1:colcon.colcon_core.package_identification:_identify(src) by extensions ['colcon_pkg']
[0.680s] Level 1:colcon.colcon_core.package_identification:_identify(src) by extension 'colcon_pkg'
[0.680s] Level 1:colcon.colcon_core.package_identification:_identify(src) by extensions ['colcon_meta']
[0.680s] Level 1:colcon.colcon_core.package_identification:_identify(src) by extension 'colcon_meta'
[0.681s] Level 1:colcon.colcon_core.package_identification:_identify(src) by extensions ['ros']
[0.681s] Level 1:colcon.colcon_core.package_identification:_identify(src) by extension 'ros'
[0.681s] Level 1:colcon.colcon_core.package_identification:_identify(src) by extensions ['cmake', 'python']
[0.681s] Level 1:colcon.colcon_core.package_identification:_identify(src) by extension 'cmake'
[0.681s] Level 1:colcon.colcon_core.package_identification:_identify(src) by extension 'python'
[0.681s] Level 1:colcon.colcon_core.package_identification:_identify(src) by extensions ['python_setup_py']
[0.681s] Level 1:colcon.colcon_core.package_identification:_identify(src) by extension 'python_setup_py'
[0.681s] Level 1:colcon.colcon_core.package_identification:_identify(src/trash_boy) by extensions ['ignore', 'ignore_ament_install']
[0.681s] Level 1:colcon.colcon_core.package_identification:_identify(src/trash_boy) by extension 'ignore'
[0.681s] Level 1:colcon.colcon_core.package_identification:_identify(src/trash_boy) by extension 'ignore_ament_install'
[0.682s] Level 1:colcon.colcon_core.package_identification:_identify(src/trash_boy) by extensions ['colcon_pkg']
[0.682s] Level 1:colcon.colcon_core.package_identification:_identify(src/trash_boy) by extension 'colcon_pkg'
[0.682s] Level 1:colcon.colcon_core.package_identification:_identify(src/trash_boy) by extensions ['colcon_meta']
[0.682s] Level 1:colcon.colcon_core.package_identification:_identify(src/trash_boy) by extension 'colcon_meta'
[0.682s] Level 1:colcon.colcon_core.package_identification:_identify(src/trash_boy) by extensions ['ros']
[0.682s] Level 1:colcon.colcon_core.package_identification:_identify(src/trash_boy) by extension 'ros'
[0.692s] DEBUG:colcon.colcon_core.package_identification:Package 'src/trash_boy' with type 'ros.ament_python' and name 'trash_boy'
[0.693s] Level 1:colcon.colcon_core.package_discovery:discover_packages(recursive) using defaults
[0.693s] Level 1:colcon.colcon_core.package_discovery:discover_packages(ignore) discover
[0.693s] Level 1:colcon.colcon_core.package_discovery:discover_packages(ignore) using defaults
[0.693s] Level 1:colcon.colcon_core.package_discovery:discover_packages(path) discover
[0.693s] Level 1:colcon.colcon_core.package_discovery:discover_packages(path) using defaults
[0.783s] Level 1:colcon.colcon_core.package_discovery:discover_packages(prefix_path) check parameters
[0.784s] Level 1:colcon.colcon_core.package_discovery:discover_packages(prefix_path) discover
[0.794s] DEBUG:colcon.colcon_installed_package_information.package_discovery:Found 1 installed packages in /home/athiyan_sankar/trash_boy/install
[0.800s] DEBUG:colcon.colcon_installed_package_information.package_discovery:Found 455 installed packages in /opt/ros/humble
[0.806s] Level 1:colcon.colcon_core.package_discovery:discover_packages(prefix_path) using defaults
[1.036s] Level 5:colcon.colcon_core.verb:set package 'trash_boy' build argument 'cmake_args' from command line to 'None'
[1.037s] Level 5:colcon.colcon_core.verb:set package 'trash_boy' build argument 'cmake_target' from command line to 'None'
[1.037s] Level 5:colcon.colcon_core.verb:set package 'trash_boy' build argument 'cmake_target_skip_unavailable' from command line to 'False'
[1.037s] Level 5:colcon.colcon_core.verb:set package 'trash_boy' build argument 'cmake_clean_cache' from command line to 'False'
[1.037s] Level 5:colcon.colcon_core.verb:set package 'trash_boy' build argument 'cmake_clean_first' from command line to 'False'
[1.037s] Level 5:colcon.colcon_core.verb:set package 'trash_boy' build argument 'cmake_force_configure' from command line to 'False'
[1.037s] Level 5:colcon.colcon_core.verb:set package 'trash_boy' build argument 'ament_cmake_args' from command line to 'None'
[1.037s] Level 5:colcon.colcon_core.verb:set package 'trash_boy' build argument 'catkin_cmake_args' from command line to 'None'
[1.037s] Level 5:colcon.colcon_core.verb:set package 'trash_boy' build argument 'catkin_skip_building_tests' from command line to 'False'
[1.037s] DEBUG:colcon.colcon_core.verb:Building package 'trash_boy' with the following arguments: {'ament_cmake_args': None, 'build_base': '/home/athiyan_sankar/trash_boy/build/trash_boy', 'catkin_cmake_args': None, 'catkin_skip_building_tests': False, 'cmake_args': None, 'cmake_clean_cache': False, 'cmake_clean_first': False, 'cmake_force_configure': False, 'cmake_target': None, 'cmake_target_skip_unavailable': False, 'install_base': '/home/athiyan_sankar/trash_boy/install/trash_boy', 'merge_install': False, 'path': '/home/athiyan_sankar/trash_boy/src/trash_boy', 'symlink_install': False, 'test_result_base': None}
[1.038s] INFO:colcon.colcon_core.executor:Executing jobs using 'parallel' executor
[1.042s] DEBUG:colcon.colcon_parallel_executor.executor.parallel:run_until_complete
[1.043s] INFO:colcon.colcon_ros.task.ament_python.build:Building ROS package in '/home/athiyan_sankar/trash_boy/src/trash_boy' with build type 'ament_python'
[1.045s] Level 1:colcon.colcon_core.shell:create_environment_hook('trash_boy', 'ament_prefix_path')
[1.058s] INFO:colcon.colcon_core.plugin_system:Skipping extension 'colcon_core.shell.bat': Not used on non-Windows systems
[1.059s] INFO:colcon.colcon_core.shell:Creating environment hook '/home/athiyan_sankar/trash_boy/install/trash_boy/share/trash_boy/hook/ament_prefix_path.ps1'
[1.065s] INFO:colcon.colcon_core.shell:Creating environment descriptor '/home/athiyan_sankar/trash_boy/install/trash_boy/share/trash_boy/hook/ament_prefix_path.dsv'
[1.069s] INFO:colcon.colcon_core.shell:Creating environment hook '/home/athiyan_sankar/trash_boy/install/trash_boy/share/trash_boy/hook/ament_prefix_path.sh'
[1.076s] INFO:colcon.colcon_core.shell:Skip shell extension 'powershell' for command environment: Not usable outside of PowerShell
[1.076s] DEBUG:colcon.colcon_core.shell:Skip shell extension 'dsv' for command environment
[2.177s] INFO:colcon.colcon_core.task.python.build:Building Python package in '/home/athiyan_sankar/trash_boy/src/trash_boy'
[2.179s] INFO:colcon.colcon_core.shell:Skip shell extension 'powershell' for command environment: Not usable outside of PowerShell
[2.180s] DEBUG:colcon.colcon_core.shell:Skip shell extension 'dsv' for command environment
[4.458s] DEBUG:colcon.colcon_core.event_handler.log_command:Invoking command in '/home/athiyan_sankar/trash_boy/src/trash_boy': PYTHONPATH=/home/athiyan_sankar/trash_boy/build/trash_boy/prefix_override:/usr/lib/python3/dist-packages/colcon_core/task/python/colcon_distutils_commands:/home/athiyan_sankar/trash_boy/install/trash_boy/lib/python3.10/site-packages:${PYTHONPATH} /usr/bin/python3 -W ignore:setup.py install is deprecated -W ignore:easy_install command is deprecated setup.py egg_info --egg-base ../../build/trash_boy build --build-base /home/athiyan_sankar/trash_boy/build/trash_boy/build install --record /home/athiyan_sankar/trash_boy/build/trash_boy/install.log --single-version-externally-managed install_data
[6.487s] DEBUG:colcon.colcon_core.event_handler.log_command:Invoked command in '/home/athiyan_sankar/trash_boy/src/trash_boy' returned '0': PYTHONPATH=/home/athiyan_sankar/trash_boy/build/trash_boy/prefix_override:/usr/lib/python3/dist-packages/colcon_core/task/python/colcon_distutils_commands:/home/athiyan_sankar/trash_boy/install/trash_boy/lib/python3.10/site-packages:${PYTHONPATH} /usr/bin/python3 -W ignore:setup.py install is deprecated -W ignore:easy_install command is deprecated setup.py egg_info --egg-base ../../build/trash_boy build --build-base /home/athiyan_sankar/trash_boy/build/trash_boy/build install --record /home/athiyan_sankar/trash_boy/build/trash_boy/install.log --single-version-externally-managed install_data
[6.503s] Level 1:colcon.colcon_core.environment:checking '/home/athiyan_sankar/trash_boy/install/trash_boy' for CMake module files
[6.505s] Level 1:colcon.colcon_core.environment:checking '/home/athiyan_sankar/trash_boy/install/trash_boy' for CMake config files
[6.513s] Level 1:colcon.colcon_core.environment:checking '/home/athiyan_sankar/trash_boy/install/trash_boy/lib'
[6.514s] Level 1:colcon.colcon_core.environment:checking '/home/athiyan_sankar/trash_boy/install/trash_boy/bin'
[6.514s] Level 1:colcon.colcon_core.environment:checking '/home/athiyan_sankar/trash_boy/install/trash_boy/lib/pkgconfig/trash_boy.pc'
[6.515s] Level 1:colcon.colcon_core.environment:checking '/home/athiyan_sankar/trash_boy/install/trash_boy/lib/python3.10/site-packages'
[6.515s] Level 1:colcon.colcon_core.shell:create_environment_hook('trash_boy', 'pythonpath')
[6.517s] INFO:colcon.colcon_core.shell:Creating environment hook '/home/athiyan_sankar/trash_boy/install/trash_boy/share/trash_boy/hook/pythonpath.ps1'
[6.520s] INFO:colcon.colcon_core.shell:Creating environment descriptor '/home/athiyan_sankar/trash_boy/install/trash_boy/share/trash_boy/hook/pythonpath.dsv'
[6.523s] INFO:colcon.colcon_core.shell:Creating environment hook '/home/athiyan_sankar/trash_boy/install/trash_boy/share/trash_boy/hook/pythonpath.sh'
[6.527s] Level 1:colcon.colcon_core.environment:checking '/home/athiyan_sankar/trash_boy/install/trash_boy/bin'
[6.528s] Level 1:colcon.colcon_core.environment:create_environment_scripts_only(trash_boy)
[6.530s] INFO:colcon.colcon_core.shell:Creating package script '/home/athiyan_sankar/trash_boy/install/trash_boy/share/trash_boy/package.ps1'
[6.536s] INFO:colcon.colcon_core.shell:Creating package descriptor '/home/athiyan_sankar/trash_boy/install/trash_boy/share/trash_boy/package.dsv'
[6.539s] INFO:colcon.colcon_core.shell:Creating package script '/home/athiyan_sankar/trash_boy/install/trash_boy/share/trash_boy/package.sh'
[6.544s] INFO:colcon.colcon_core.shell:Creating package script '/home/athiyan_sankar/trash_boy/install/trash_boy/share/trash_boy/package.bash'
[6.548s] INFO:colcon.colcon_core.shell:Creating package script '/home/athiyan_sankar/trash_boy/install/trash_boy/share/trash_boy/package.zsh'
[6.551s] Level 1:colcon.colcon_core.environment:create_file_with_runtime_dependencies(/home/athiyan_sankar/trash_boy/install/trash_boy/share/colcon-core/packages/trash_boy)
[6.553s] DEBUG:colcon.colcon_parallel_executor.executor.parallel:closing loop
[6.554s] DEBUG:colcon.colcon_parallel_executor.executor.parallel:loop closed
[6.554s] DEBUG:colcon.colcon_parallel_executor.executor.parallel:run_until_complete finished with '0'
[6.555s] DEBUG:colcon.colcon_core.event_reactor:joining thread
[6.586s] INFO:colcon.colcon_core.plugin_system:Skipping extension 'colcon_notification.desktop_notification.terminal_notifier': Not used on non-Darwin systems
[6.587s] INFO:colcon.colcon_core.plugin_system:Skipping extension 'colcon_notification.desktop_notification.win32': Not used on non-Windows systems
[6.588s] INFO:colcon.colcon_notification.desktop_notification:Sending desktop notification using 'notify2'
[6.646s] DEBUG:colcon.colcon_core.event_reactor:joined thread
[6.648s] INFO:colcon.colcon_core.shell:Creating prefix script '/home/athiyan_sankar/trash_boy/install/local_setup.ps1'
[6.653s] INFO:colcon.colcon_core.shell:Creating prefix util module '/home/athiyan_sankar/trash_boy/install/_local_setup_util_ps1.py'
[6.658s] INFO:colcon.colcon_core.shell:Creating prefix chain script '/home/athiyan_sankar/trash_boy/install/setup.ps1'
[6.663s] INFO:colcon.colcon_core.shell:Creating prefix script '/home/athiyan_sankar/trash_boy/install/local_setup.sh'
[6.667s] INFO:colcon.colcon_core.shell:Creating prefix util module '/home/athiyan_sankar/trash_boy/install/_local_setup_util_sh.py'
[6.671s] INFO:colcon.colcon_core.shell:Creating prefix chain script '/home/athiyan_sankar/trash_boy/install/setup.sh'
[6.676s] INFO:colcon.colcon_core.shell:Creating prefix script '/home/athiyan_sankar/trash_boy/install/local_setup.bash'
[6.678s] INFO:colcon.colcon_core.shell:Creating prefix chain script '/home/athiyan_sankar/trash_boy/install/setup.bash'
[6.682s] INFO:colcon.colcon_core.shell:Creating prefix script '/home/athiyan_sankar/trash_boy/install/local_setup.zsh'
[6.686s] INFO:colcon.colcon_core.shell:Creating prefix chain script '/home/athiyan_sankar/trash_boy/install/setup.zsh'
