[0.473s] DEBUG:colcon:Command line arguments: ['/usr/bin/colcon', 'build']
[0.473s] DEBUG:colcon:Parsed command line arguments: Namespace(log_base=None, log_level=None, verb_name='build', build_base='build', install_base='install', merge_install=False, symlink_install=False, test_result_base=None, continue_on_error=False, executor='parallel', parallel_workers=8, event_handlers=None, ignore_user_meta=False, metas=['./colcon.meta'], base_paths=['.'], packages_ignore=None, packages_ignore_regex=None, paths=None, packages_up_to=None, packages_up_to_regex=None, packages_above=None, packages_above_and_dependencies=None, packages_above_depth=None, packages_select_by_dep=None, packages_skip_by_dep=None, packages_skip_up_to=None, packages_select_build_failed=False, packages_skip_build_finished=False, packages_select_test_failures=False, packages_skip_test_passed=False, packages_select=None, packages_skip=None, packages_select_regex=None, packages_skip_regex=None, packages_start=None, packages_end=None, allow_overriding=[], cmake_args=None, cmake_target=None, cmake_target_skip_unavailable=False, cmake_clean_cache=False, cmake_clean_first=False, cmake_force_configure=False, ament_cmake_args=None, catkin_cmake_args=None, catkin_skip_building_tests=False, verb_parser=<colcon_defaults.argument_parser.defaults.DefaultArgumentsDecorator object at 0x7c0e0d39caf0>, verb_extension=<colcon_core.verb.build.BuildVerb object at 0x7c0e0d39c4f0>, main=<bound method BuildVerb.main of <colcon_core.verb.build.BuildVerb object at 0x7c0e0d39c4f0>>)
[0.591s] Level 1:colcon.colcon_core.package_discovery:discover_packages(colcon_meta) check parameters
[0.592s] Level 1:colcon.colcon_core.package_discovery:discover_packages(recursive) check parameters
[0.592s] Level 1:colcon.colcon_core.package_discovery:discover_packages(ignore) check parameters
[0.592s] Level 1:colcon.colcon_core.package_discovery:discover_packages(path) check parameters
[0.592s] Level 1:colcon.colcon_core.package_discovery:discover_packages(colcon_meta) discover
[0.592s] Level 1:colcon.colcon_core.package_discovery:discover_packages(recursive) discover
[0.592s] INFO:colcon.colcon_core.package_discovery:Crawling recursively for packages in '/home/athiyan_sankar/trash_boy'
[0.592s] Level 1:colcon.colcon_core.package_identification:_identify(.) by extensions ['ignore', 'ignore_ament_install']
[0.593s] Level 1:colcon.colcon_core.package_identification:_identify(.) by extension 'ignore'
[0.593s] Level 1:colcon.colcon_core.package_identification:_identify(.) by extension 'ignore_ament_install'
[0.593s] Level 1:colcon.colcon_core.package_identification:_identify(.) by extensions ['colcon_pkg']
[0.593s] Level 1:colcon.colcon_core.package_identification:_identify(.) by extension 'colcon_pkg'
[0.593s] Level 1:colcon.colcon_core.package_identification:_identify(.) by extensions ['colcon_meta']
[0.593s] Level 1:colcon.colcon_core.package_identification:_identify(.) by extension 'colcon_meta'
[0.593s] Level 1:colcon.colcon_core.package_identification:_identify(.) by extensions ['ros']
[0.593s] Level 1:colcon.colcon_core.package_identification:_identify(.) by extension 'ros'
[0.625s] Level 1:colcon.colcon_core.package_identification:_identify(.) by extensions ['cmake', 'python']
[0.625s] Level 1:colcon.colcon_core.package_identification:_identify(.) by extension 'cmake'
[0.625s] Level 1:colcon.colcon_core.package_identification:_identify(.) by extension 'python'
[0.625s] Level 1:colcon.colcon_core.package_identification:_identify(.) by extensions ['python_setup_py']
[0.626s] Level 1:colcon.colcon_core.package_identification:_identify(.) by extension 'python_setup_py'
[0.626s] Level 1:colcon.colcon_core.package_identification:_identify(build) by extensions ['ignore', 'ignore_ament_install']
[0.626s] Level 1:colcon.colcon_core.package_identification:_identify(build) by extension 'ignore'
[0.626s] Level 1:colcon.colcon_core.package_identification:_identify(build) ignored
[0.627s] Level 1:colcon.colcon_core.package_identification:_identify(install) by extensions ['ignore', 'ignore_ament_install']
[0.627s] Level 1:colcon.colcon_core.package_identification:_identify(install) by extension 'ignore'
[0.627s] Level 1:colcon.colcon_core.package_identification:_identify(install) ignored
[0.627s] Level 1:colcon.colcon_core.package_identification:_identify(log) by extensions ['ignore', 'ignore_ament_install']
[0.627s] Level 1:colcon.colcon_core.package_identification:_identify(log) by extension 'ignore'
[0.627s] Level 1:colcon.colcon_core.package_identification:_identify(log) ignored
[0.627s] Level 1:colcon.colcon_core.package_identification:_identify(src) by extensions ['ignore', 'ignore_ament_install']
[0.628s] Level 1:colcon.colcon_core.package_identification:_identify(src) by extension 'ignore'
[0.628s] Level 1:colcon.colcon_core.package_identification:_identify(src) by extension 'ignore_ament_install'
[0.628s] Level 1:colcon.colcon_core.package_identification:_identify(src) by extensions ['colcon_pkg']
[0.628s] Level 1:colcon.colcon_core.package_identification:_identify(src) by extension 'colcon_pkg'
[0.628s] Level 1:colcon.colcon_core.package_identification:_identify(src) by extensions ['colcon_meta']
[0.628s] Level 1:colcon.colcon_core.package_identification:_identify(src) by extension 'colcon_meta'
[0.628s] Level 1:colcon.colcon_core.package_identification:_identify(src) by extensions ['ros']
[0.628s] Level 1:colcon.colcon_core.package_identification:_identify(src) by extension 'ros'
[0.628s] Level 1:colcon.colcon_core.package_identification:_identify(src) by extensions ['cmake', 'python']
[0.628s] Level 1:colcon.colcon_core.package_identification:_identify(src) by extension 'cmake'
[0.628s] Level 1:colcon.colcon_core.package_identification:_identify(src) by extension 'python'
[0.628s] Level 1:colcon.colcon_core.package_identification:_identify(src) by extensions ['python_setup_py']
[0.629s] Level 1:colcon.colcon_core.package_identification:_identify(src) by extension 'python_setup_py'
[0.629s] Level 1:colcon.colcon_core.package_identification:_identify(src/trash_boy) by extensions ['ignore', 'ignore_ament_install']
[0.629s] Level 1:colcon.colcon_core.package_identification:_identify(src/trash_boy) by extension 'ignore'
[0.629s] Level 1:colcon.colcon_core.package_identification:_identify(src/trash_boy) by extension 'ignore_ament_install'
[0.629s] Level 1:colcon.colcon_core.package_identification:_identify(src/trash_boy) by extensions ['colcon_pkg']
[0.629s] Level 1:colcon.colcon_core.package_identification:_identify(src/trash_boy) by extension 'colcon_pkg'
[0.629s] Level 1:colcon.colcon_core.package_identification:_identify(src/trash_boy) by extensions ['colcon_meta']
[0.629s] Level 1:colcon.colcon_core.package_identification:_identify(src/trash_boy) by extension 'colcon_meta'
[0.629s] Level 1:colcon.colcon_core.package_identification:_identify(src/trash_boy) by extensions ['ros']
[0.629s] Level 1:colcon.colcon_core.package_identification:_identify(src/trash_boy) by extension 'ros'
[0.638s] DEBUG:colcon.colcon_core.package_identification:Package 'src/trash_boy' with type 'ros.ament_python' and name 'trash_boy'
[0.638s] Level 1:colcon.colcon_core.package_discovery:discover_packages(recursive) using defaults
[0.638s] Level 1:colcon.colcon_core.package_discovery:discover_packages(ignore) discover
[0.638s] Level 1:colcon.colcon_core.package_discovery:discover_packages(ignore) using defaults
[0.639s] Level 1:colcon.colcon_core.package_discovery:discover_packages(path) discover
[0.639s] Level 1:colcon.colcon_core.package_discovery:discover_packages(path) using defaults
[0.695s] Level 1:colcon.colcon_core.package_discovery:discover_packages(prefix_path) check parameters
[0.696s] Level 1:colcon.colcon_core.package_discovery:discover_packages(prefix_path) discover
[0.703s] DEBUG:colcon.colcon_installed_package_information.package_discovery:Found 1 installed packages in /home/athiyan_sankar/trash_boy/install
[0.707s] DEBUG:colcon.colcon_installed_package_information.package_discovery:Found 455 installed packages in /opt/ros/humble
[0.711s] Level 1:colcon.colcon_core.package_discovery:discover_packages(prefix_path) using defaults
[0.952s] Level 5:colcon.colcon_core.verb:set package 'trash_boy' build argument 'cmake_args' from command line to 'None'
[0.952s] Level 5:colcon.colcon_core.verb:set package 'trash_boy' build argument 'cmake_target' from command line to 'None'
[0.952s] Level 5:colcon.colcon_core.verb:set package 'trash_boy' build argument 'cmake_target_skip_unavailable' from command line to 'False'
[0.952s] Level 5:colcon.colcon_core.verb:set package 'trash_boy' build argument 'cmake_clean_cache' from command line to 'False'
[0.952s] Level 5:colcon.colcon_core.verb:set package 'trash_boy' build argument 'cmake_clean_first' from command line to 'False'
[0.952s] Level 5:colcon.colcon_core.verb:set package 'trash_boy' build argument 'cmake_force_configure' from command line to 'False'
[0.952s] Level 5:colcon.colcon_core.verb:set package 'trash_boy' build argument 'ament_cmake_args' from command line to 'None'
[0.952s] Level 5:colcon.colcon_core.verb:set package 'trash_boy' build argument 'catkin_cmake_args' from command line to 'None'
[0.952s] Level 5:colcon.colcon_core.verb:set package 'trash_boy' build argument 'catkin_skip_building_tests' from command line to 'False'
[0.952s] DEBUG:colcon.colcon_core.verb:Building package 'trash_boy' with the following arguments: {'ament_cmake_args': None, 'build_base': '/home/athiyan_sankar/trash_boy/build/trash_boy', 'catkin_cmake_args': None, 'catkin_skip_building_tests': False, 'cmake_args': None, 'cmake_clean_cache': False, 'cmake_clean_first': False, 'cmake_force_configure': False, 'cmake_target': None, 'cmake_target_skip_unavailable': False, 'install_base': '/home/athiyan_sankar/trash_boy/install/trash_boy', 'merge_install': False, 'path': '/home/athiyan_sankar/trash_boy/src/trash_boy', 'symlink_install': False, 'test_result_base': None}
[0.953s] INFO:colcon.colcon_core.executor:Executing jobs using 'parallel' executor
[0.954s] DEBUG:colcon.colcon_parallel_executor.executor.parallel:run_until_complete
[0.955s] INFO:colcon.colcon_ros.task.ament_python.build:Building ROS package in '/home/athiyan_sankar/trash_boy/src/trash_boy' with build type 'ament_python'
[0.955s] Level 1:colcon.colcon_core.shell:create_environment_hook('trash_boy', 'ament_prefix_path')
[0.962s] INFO:colcon.colcon_core.plugin_system:Skipping extension 'colcon_core.shell.bat': Not used on non-Windows systems
[0.962s] INFO:colcon.colcon_core.shell:Creating environment hook '/home/athiyan_sankar/trash_boy/install/trash_boy/share/trash_boy/hook/ament_prefix_path.ps1'
[0.964s] INFO:colcon.colcon_core.shell:Creating environment descriptor '/home/athiyan_sankar/trash_boy/install/trash_boy/share/trash_boy/hook/ament_prefix_path.dsv'
[0.966s] INFO:colcon.colcon_core.shell:Creating environment hook '/home/athiyan_sankar/trash_boy/install/trash_boy/share/trash_boy/hook/ament_prefix_path.sh'
[0.967s] INFO:colcon.colcon_core.shell:Skip shell extension 'powershell' for command environment: Not usable outside of PowerShell
[0.968s] DEBUG:colcon.colcon_core.shell:Skip shell extension 'dsv' for command environment
[1.540s] INFO:colcon.colcon_core.task.python.build:Building Python package in '/home/athiyan_sankar/trash_boy/src/trash_boy'
[1.541s] INFO:colcon.colcon_core.shell:Skip shell extension 'powershell' for command environment: Not usable outside of PowerShell
[1.541s] DEBUG:colcon.colcon_core.shell:Skip shell extension 'dsv' for command environment
[2.819s] DEBUG:colcon.colcon_core.event_handler.log_command:Invoking command in '/home/athiyan_sankar/trash_boy/src/trash_boy': PYTHONPATH=/home/athiyan_sankar/trash_boy/build/trash_boy/prefix_override:/usr/lib/python3/dist-packages/colcon_core/task/python/colcon_distutils_commands:/home/athiyan_sankar/trash_boy/install/trash_boy/lib/python3.10/site-packages:${PYTHONPATH} /usr/bin/python3 -W ignore:setup.py install is deprecated -W ignore:easy_install command is deprecated setup.py egg_info --egg-base ../../build/trash_boy build --build-base /home/athiyan_sankar/trash_boy/build/trash_boy/build install --record /home/athiyan_sankar/trash_boy/build/trash_boy/install.log --single-version-externally-managed install_data
[3.966s] DEBUG:colcon.colcon_core.event_handler.log_command:Invoked command in '/home/athiyan_sankar/trash_boy/src/trash_boy' returned '0': PYTHONPATH=/home/athiyan_sankar/trash_boy/build/trash_boy/prefix_override:/usr/lib/python3/dist-packages/colcon_core/task/python/colcon_distutils_commands:/home/athiyan_sankar/trash_boy/install/trash_boy/lib/python3.10/site-packages:${PYTHONPATH} /usr/bin/python3 -W ignore:setup.py install is deprecated -W ignore:easy_install command is deprecated setup.py egg_info --egg-base ../../build/trash_boy build --build-base /home/athiyan_sankar/trash_boy/build/trash_boy/build install --record /home/athiyan_sankar/trash_boy/build/trash_boy/install.log --single-version-externally-managed install_data
[3.976s] Level 1:colcon.colcon_core.environment:checking '/home/athiyan_sankar/trash_boy/install/trash_boy' for CMake module files
[3.977s] Level 1:colcon.colcon_core.environment:checking '/home/athiyan_sankar/trash_boy/install/trash_boy' for CMake config files
[3.981s] Level 1:colcon.colcon_core.environment:checking '/home/athiyan_sankar/trash_boy/install/trash_boy/lib'
[3.981s] Level 1:colcon.colcon_core.environment:checking '/home/athiyan_sankar/trash_boy/install/trash_boy/bin'
[3.981s] Level 1:colcon.colcon_core.environment:checking '/home/athiyan_sankar/trash_boy/install/trash_boy/lib/pkgconfig/trash_boy.pc'
[3.981s] Level 1:colcon.colcon_core.environment:checking '/home/athiyan_sankar/trash_boy/install/trash_boy/lib/python3.10/site-packages'
[3.982s] Level 1:colcon.colcon_core.shell:create_environment_hook('trash_boy', 'pythonpath')
[3.982s] INFO:colcon.colcon_core.shell:Creating environment hook '/home/athiyan_sankar/trash_boy/install/trash_boy/share/trash_boy/hook/pythonpath.ps1'
[3.983s] INFO:colcon.colcon_core.shell:Creating environment descriptor '/home/athiyan_sankar/trash_boy/install/trash_boy/share/trash_boy/hook/pythonpath.dsv'
[3.984s] INFO:colcon.colcon_core.shell:Creating environment hook '/home/athiyan_sankar/trash_boy/install/trash_boy/share/trash_boy/hook/pythonpath.sh'
[3.985s] Level 1:colcon.colcon_core.environment:checking '/home/athiyan_sankar/trash_boy/install/trash_boy/bin'
[3.986s] Level 1:colcon.colcon_core.environment:create_environment_scripts_only(trash_boy)
[3.986s] INFO:colcon.colcon_core.shell:Creating package script '/home/athiyan_sankar/trash_boy/install/trash_boy/share/trash_boy/package.ps1'
[3.988s] INFO:colcon.colcon_core.shell:Creating package descriptor '/home/athiyan_sankar/trash_boy/install/trash_boy/share/trash_boy/package.dsv'
[3.989s] INFO:colcon.colcon_core.shell:Creating package script '/home/athiyan_sankar/trash_boy/install/trash_boy/share/trash_boy/package.sh'
[3.992s] INFO:colcon.colcon_core.shell:Creating package script '/home/athiyan_sankar/trash_boy/install/trash_boy/share/trash_boy/package.bash'
[3.994s] INFO:colcon.colcon_core.shell:Creating package script '/home/athiyan_sankar/trash_boy/install/trash_boy/share/trash_boy/package.zsh'
[3.997s] Level 1:colcon.colcon_core.environment:create_file_with_runtime_dependencies(/home/athiyan_sankar/trash_boy/install/trash_boy/share/colcon-core/packages/trash_boy)
[3.998s] DEBUG:colcon.colcon_parallel_executor.executor.parallel:closing loop
[3.998s] DEBUG:colcon.colcon_parallel_executor.executor.parallel:loop closed
[3.998s] DEBUG:colcon.colcon_parallel_executor.executor.parallel:run_until_complete finished with '0'
[3.998s] DEBUG:colcon.colcon_core.event_reactor:joining thread
[4.021s] INFO:colcon.colcon_core.plugin_system:Skipping extension 'colcon_notification.desktop_notification.terminal_notifier': Not used on non-Darwin systems
[4.022s] INFO:colcon.colcon_core.plugin_system:Skipping extension 'colcon_notification.desktop_notification.win32': Not used on non-Windows systems
[4.022s] INFO:colcon.colcon_notification.desktop_notification:Sending desktop notification using 'notify2'
[4.051s] DEBUG:colcon.colcon_core.event_reactor:joined thread
[4.052s] INFO:colcon.colcon_core.shell:Creating prefix script '/home/athiyan_sankar/trash_boy/install/local_setup.ps1'
[4.057s] INFO:colcon.colcon_core.shell:Creating prefix util module '/home/athiyan_sankar/trash_boy/install/_local_setup_util_ps1.py'
[4.063s] INFO:colcon.colcon_core.shell:Creating prefix chain script '/home/athiyan_sankar/trash_boy/install/setup.ps1'
[4.066s] INFO:colcon.colcon_core.shell:Creating prefix script '/home/athiyan_sankar/trash_boy/install/local_setup.sh'
[4.070s] INFO:colcon.colcon_core.shell:Creating prefix util module '/home/athiyan_sankar/trash_boy/install/_local_setup_util_sh.py'
[4.073s] INFO:colcon.colcon_core.shell:Creating prefix chain script '/home/athiyan_sankar/trash_boy/install/setup.sh'
[4.076s] INFO:colcon.colcon_core.shell:Creating prefix script '/home/athiyan_sankar/trash_boy/install/local_setup.bash'
[4.077s] INFO:colcon.colcon_core.shell:Creating prefix chain script '/home/athiyan_sankar/trash_boy/install/setup.bash'
[4.079s] INFO:colcon.colcon_core.shell:Creating prefix script '/home/athiyan_sankar/trash_boy/install/local_setup.zsh'
[4.081s] INFO:colcon.colcon_core.shell:Creating prefix chain script '/home/athiyan_sankar/trash_boy/install/setup.zsh'
