/home/athiyan_sankar/.local/lib/python3.10/site-packages/setuptools/_distutils/dist.py:289: UserWarning: Unknown distribution option: 'tests_require'
  warnings.warn(msg)
running egg_info
writing ../../build/trash_boy/trash_boy.egg-info/PKG-INFO
writing dependency_links to ../../build/trash_boy/trash_boy.egg-info/dependency_links.txt
writing entry points to ../../build/trash_boy/trash_boy.egg-info/entry_points.txt
writing requirements to ../../build/trash_boy/trash_boy.egg-info/requires.txt
writing top-level names to ../../build/trash_boy/trash_boy.egg-info/top_level.txt
reading manifest file '../../build/trash_boy/trash_boy.egg-info/SOURCES.txt'
writing manifest file '../../build/trash_boy/trash_boy.egg-info/SOURCES.txt'
running build
running build_py
copying trash_boy/mecanum_teleop.py -> /home/athiyan_sankar/trash_boy/build/trash_boy/build/lib/trash_boy
copying trash_boy/__init__.py -> /home/athiyan_sankar/trash_boy/build/trash_boy/build/lib/trash_boy
running install
running install_lib
running install_data
copying resource/trash_boy -> /home/athiyan_sankar/trash_boy/install/trash_boy/share/ament_index/resource_index/packages
copying package.xml -> /home/athiyan_sankar/trash_boy/install/trash_boy/share/trash_boy
copying launch/finelaunch.py -> /home/athiyan_sankar/trash_boy/install/trash_boy/share/trash_boy/launch
copying launch/robot_gazebo.launch.py -> /home/athiyan_sankar/trash_boy/install/trash_boy/share/trash_boy/launch
copying urdf/model.urdf -> /home/athiyan_sankar/trash_boy/install/trash_boy/share/trash_boy/urdf
copying urdf/fine_model.urdf -> /home/athiyan_sankar/trash_boy/install/trash_boy/share/trash_boy/urdf
copying config/slam_toolbox.yaml -> /home/athiyan_sankar/trash_boy/install/trash_boy/share/trash_boy/config
copying config/mecanum_controller.yaml -> /home/athiyan_sankar/trash_boy/install/trash_boy/share/trash_boy/config
running install_egg_info
removing '/home/athiyan_sankar/trash_boy/install/trash_boy/lib/python3.10/site-packages/trash_boy-0.0.0-py3.10.egg-info' (and everything under it)
Copying ../../build/trash_boy/trash_boy.egg-info to /home/athiyan_sankar/trash_boy/install/trash_boy/lib/python3.10/site-packages/trash_boy-0.0.0-py3.10.egg-info
running install_scripts
Installing object_follower script to /home/athiyan_sankar/trash_boy/install/trash_boy/lib/trash_boy
Installing object_tracker script to /home/athiyan_sankar/trash_boy/install/trash_boy/lib/trash_boy
writing list of installed files to '/home/athiyan_sankar/trash_boy/build/trash_boy/install.log'
