/home/athiyan_sankar/trash_boy/install/trash_boy/lib/python3.10/site-packages/trash_boy/object_tracker.py
/home/athiyan_sankar/trash_boy/install/trash_boy/lib/python3.10/site-packages/trash_boy/mecanum_teleop.py
/home/athiyan_sankar/trash_boy/install/trash_boy/lib/python3.10/site-packages/trash_boy/__init__.py
/home/athiyan_sankar/trash_boy/install/trash_boy/lib/python3.10/site-packages/trash_boy/object_follower.py
/home/athiyan_sankar/trash_boy/install/trash_boy/lib/python3.10/site-packages/trash_boy/__pycache__/object_tracker.cpython-310.pyc
/home/athiyan_sankar/trash_boy/install/trash_boy/lib/python3.10/site-packages/trash_boy/__pycache__/mecanum_teleop.cpython-310.pyc
/home/athiyan_sankar/trash_boy/install/trash_boy/lib/python3.10/site-packages/trash_boy/__pycache__/__init__.cpython-310.pyc
/home/athiyan_sankar/trash_boy/install/trash_boy/lib/python3.10/site-packages/trash_boy/__pycache__/object_follower.cpython-310.pyc
/home/athiyan_sankar/trash_boy/install/trash_boy/share/ament_index/resource_index/packages/trash_boy
/home/athiyan_sankar/trash_boy/install/trash_boy/share/trash_boy/package.xml
/home/athiyan_sankar/trash_boy/install/trash_boy/share/trash_boy/launch/finelaunch.py
/home/athiyan_sankar/trash_boy/install/trash_boy/share/trash_boy/launch/object_tracking.launch.py
/home/athiyan_sankar/trash_boy/install/trash_boy/share/trash_boy/launch/robot_gazebo.launch.py
/home/athiyan_sankar/trash_boy/install/trash_boy/share/trash_boy/urdf/model.urdf
/home/athiyan_sankar/trash_boy/install/trash_boy/share/trash_boy/urdf/fine_model.urdf
/home/athiyan_sankar/trash_boy/install/trash_boy/share/trash_boy/urdf
/home/athiyan_sankar/trash_boy/install/trash_boy/share/trash_boy/config/slam_toolbox.yaml
/home/athiyan_sankar/trash_boy/install/trash_boy/share/trash_boy/config/mecanum_controller.yaml
/home/athiyan_sankar/trash_boy/install/trash_boy/share/trash_boy/config
/home/athiyan_sankar/trash_boy/install/trash_boy/lib/python3.10/site-packages/trash_boy-0.0.0-py3.10.egg-info/requires.txt
/home/athiyan_sankar/trash_boy/install/trash_boy/lib/python3.10/site-packages/trash_boy-0.0.0-py3.10.egg-info/entry_points.txt
/home/athiyan_sankar/trash_boy/install/trash_boy/lib/python3.10/site-packages/trash_boy-0.0.0-py3.10.egg-info/SOURCES.txt
/home/athiyan_sankar/trash_boy/install/trash_boy/lib/python3.10/site-packages/trash_boy-0.0.0-py3.10.egg-info/top_level.txt
/home/athiyan_sankar/trash_boy/install/trash_boy/lib/python3.10/site-packages/trash_boy-0.0.0-py3.10.egg-info/zip-safe
/home/athiyan_sankar/trash_boy/install/trash_boy/lib/python3.10/site-packages/trash_boy-0.0.0-py3.10.egg-info/dependency_links.txt
/home/athiyan_sankar/trash_boy/install/trash_boy/lib/python3.10/site-packages/trash_boy-0.0.0-py3.10.egg-info/PKG-INFO
/home/athiyan_sankar/trash_boy/install/trash_boy/lib/trash_boy/object_follower
/home/athiyan_sankar/trash_boy/install/trash_boy/lib/trash_boy/object_tracker
