[2.542s] Invoking command in '/home/athiyan_sankar/trash_boy/src/trash_boy': PYTHONPATH=/home/athiyan_sankar/trash_boy/build/trash_boy/prefix_override:/usr/lib/python3/dist-packages/colcon_core/task/python/colcon_distutils_commands:/home/athiyan_sankar/trash_boy/install/trash_boy/lib/python3.10/site-packages:${PYTHONPATH} /usr/bin/python3 -W ignore:setup.py install is deprecated -W ignore:easy_install command is deprecated setup.py egg_info --egg-base ../../build/trash_boy build --build-base /home/athiyan_sankar/trash_boy/build/trash_boy/build install --record /home/athiyan_sankar/trash_boy/build/trash_boy/install.log --single-version-externally-managed install_data
[3.030s] /home/athiyan_sankar/.local/lib/python3.10/site-packages/setuptools/_distutils/dist.py:289: UserWarning: Unknown distribution option: 'tests_require'
[3.030s]   warnings.warn(msg)
[3.403s] running egg_info
[3.465s] writing ../../build/trash_boy/trash_boy.egg-info/PKG-INFO
[3.466s] writing dependency_links to ../../build/trash_boy/trash_boy.egg-info/dependency_links.txt
[3.467s] writing entry points to ../../build/trash_boy/trash_boy.egg-info/entry_points.txt
[3.467s] writing requirements to ../../build/trash_boy/trash_boy.egg-info/requires.txt
[3.468s] writing top-level names to ../../build/trash_boy/trash_boy.egg-info/top_level.txt
[3.595s] reading manifest file '../../build/trash_boy/trash_boy.egg-info/SOURCES.txt'
[3.599s] writing manifest file '../../build/trash_boy/trash_boy.egg-info/SOURCES.txt'
[3.600s] running build
[3.601s] running build_py
[3.601s] copying trash_boy/object_tracker.py -> /home/athiyan_sankar/trash_boy/build/trash_boy/build/lib/trash_boy
[3.602s] copying trash_boy/mecanum_teleop.py -> /home/athiyan_sankar/trash_boy/build/trash_boy/build/lib/trash_boy
[3.603s] copying trash_boy/__init__.py -> /home/athiyan_sankar/trash_boy/build/trash_boy/build/lib/trash_boy
[3.603s] copying trash_boy/object_follower.py -> /home/athiyan_sankar/trash_boy/build/trash_boy/build/lib/trash_boy
[3.604s] running install
[3.614s] running install_lib
[3.680s] running install_data
[3.680s] copying resource/trash_boy -> /home/athiyan_sankar/trash_boy/install/trash_boy/share/ament_index/resource_index/packages
[3.681s] copying package.xml -> /home/athiyan_sankar/trash_boy/install/trash_boy/share/trash_boy
[3.684s] copying launch/finelaunch.py -> /home/athiyan_sankar/trash_boy/install/trash_boy/share/trash_boy/launch
[3.685s] copying launch/object_tracking.launch.py -> /home/athiyan_sankar/trash_boy/install/trash_boy/share/trash_boy/launch
[3.686s] copying launch/robot_gazebo.launch.py -> /home/athiyan_sankar/trash_boy/install/trash_boy/share/trash_boy/launch
[3.687s] copying urdf/model.urdf -> /home/athiyan_sankar/trash_boy/install/trash_boy/share/trash_boy/urdf
[3.688s] copying urdf/fine_model.urdf -> /home/athiyan_sankar/trash_boy/install/trash_boy/share/trash_boy/urdf
[3.690s] copying config/mecanum_controller.yaml -> /home/athiyan_sankar/trash_boy/install/trash_boy/share/trash_boy/config
[3.691s] running install_egg_info
[3.758s] removing '/home/athiyan_sankar/trash_boy/install/trash_boy/lib/python3.10/site-packages/trash_boy-0.0.0-py3.10.egg-info' (and everything under it)
[3.759s] Copying ../../build/trash_boy/trash_boy.egg-info to /home/athiyan_sankar/trash_boy/install/trash_boy/lib/python3.10/site-packages/trash_boy-0.0.0-py3.10.egg-info
[3.762s] running install_scripts
[3.886s] Installing object_follower script to /home/athiyan_sankar/trash_boy/install/trash_boy/lib/trash_boy
[3.887s] Installing object_tracker script to /home/athiyan_sankar/trash_boy/install/trash_boy/lib/trash_boy
[3.890s] writing list of installed files to '/home/athiyan_sankar/trash_boy/build/trash_boy/install.log'
[4.009s] Invoked command in '/home/athiyan_sankar/trash_boy/src/trash_boy' returned '0': PYTHONPATH=/home/athiyan_sankar/trash_boy/build/trash_boy/prefix_override:/usr/lib/python3/dist-packages/colcon_core/task/python/colcon_distutils_commands:/home/athiyan_sankar/trash_boy/install/trash_boy/lib/python3.10/site-packages:${PYTHONPATH} /usr/bin/python3 -W ignore:setup.py install is deprecated -W ignore:easy_install command is deprecated setup.py egg_info --egg-base ../../build/trash_boy build --build-base /home/athiyan_sankar/trash_boy/build/trash_boy/build install --record /home/athiyan_sankar/trash_boy/build/trash_boy/install.log --single-version-externally-managed install_data
